#
# There is insufficient memory for the Java Runtime Environment to continue.
# Native memory allocation (malloc) failed to allocate 1568576 bytes for Chunk::new
# Possible reasons:
#   The system is out of physical RAM or swap space
#   In 32 bit mode, the process size limit was hit
# Possible solutions:
#   Reduce memory load on the system
#   Increase physical memory or swap space
#   Check if swap backing store is full
#   Use 64 bit Java on a 64 bit OS
#   Decrease Java heap size (-Xmx/-Xms)
#   Decrease number of Java threads
#   Decrease Java thread stack sizes (-Xss)
#   Set larger code cache with -XX:ReservedCodeCacheSize=
# This output file may be truncated or incomplete.
#
#  Out of Memory Error (allocation.cpp:390), pid=4960, tid=0x0000000000002080
#
# JRE version: OpenJDK Runtime Environment (8.0_112-b06) (build 1.8.0_112-release-b06)
# Java VM: OpenJDK 64-Bit Server VM (25.112-b06 mixed mode windows-amd64 compressed oops)
# Failed to write core dump. Minidumps are not enabled by default on client versions of Windows
#

---------------  T H R E A D  ---------------

Current thread (0x00000000150d0000):  JavaThread "C2 CompilerThread0" daemon [_thread_in_native, id=8320, stack(0x00000000165e0000,0x00000000166e0000)]

Stack: [0x00000000165e0000,0x00000000166e0000]
[error occurred during error reporting (printing stack bounds), id 0xc0000005]

Native frames: (J=compiled Java code, j=interpreted, Vv=VM code, C=native code)


Current CompileTask:
C2:  21374 2375       4       java.net.URLClassLoader$1::run (5 bytes)


---------------  P R O C E S S  ---------------

Java Threads: ( => current thread )
  0x000000001a03a000 JavaThread "File lock request listener" [_thread_in_native, id=10588, stack(0x000000001a550000,0x000000001a650000)]
  0x0000000017a8c800 JavaThread "Stdin handler" [_thread_blocked, id=9068, stack(0x0000000019280000,0x0000000019380000)]
  0x0000000017a8c000 JavaThread "Asynchronous log dispatcher for DefaultDaemonConnection: socket connection from /127.0.0.1:51223 to /127.0.0.1:51224" [_thread_blocked, id=10624, stack(0x0000000019180000,0x0000000019280000)]
  0x0000000017a58800 JavaThread "pool-1-thread-1" [_thread_blocked, id=4904, stack(0x0000000019080000,0x0000000019180000)]
  0x0000000017a85000 JavaThread "Daemon worker" [_thread_in_Java, id=2436, stack(0x0000000018f80000,0x0000000019080000)]
  0x000000001731e000 JavaThread "Cancel handler" [_thread_blocked, id=7520, stack(0x0000000018e80000,0x0000000018f80000)]
  0x0000000017370000 JavaThread "Handler for socket connection from /127.0.0.1:51223 to /127.0.0.1:51224" [_thread_in_native, id=3220, stack(0x0000000018d80000,0x0000000018e80000)]
  0x000000001735d800 JavaThread "Daemon" [_thread_blocked, id=636, stack(0x0000000018a80000,0x0000000018b80000)]
  0x0000000016827800 JavaThread "Incoming local TCP Connector on port 51223" [_thread_in_native, id=3000, stack(0x00000000188b0000,0x00000000189b0000)]
  0x000000001683f000 JavaThread "Service Thread" daemon [_thread_blocked, id=972, stack(0x0000000016ce0000,0x0000000016de0000)]
  0x000000001682d800 JavaThread "C1 CompilerThread2" daemon [_thread_blocked, id=5548, stack(0x0000000016be0000,0x0000000016ce0000)]
  0x00000000150d3800 JavaThread "C2 CompilerThread1" daemon [_thread_in_native, id=9028, stack(0x00000000166e0000,0x00000000167e0000)]
=>0x00000000150d0000 JavaThread "C2 CompilerThread0" daemon [_thread_in_native, id=8320, stack(0x00000000165e0000,0x00000000166e0000)]
  0x000000001508c800 JavaThread "Attach Listener" daemon [_thread_blocked, id=6268, stack(0x00000000164e0000,0x00000000165e0000)]
  0x000000001508b800 JavaThread "Signal Dispatcher" daemon [_thread_blocked, id=9568, stack(0x00000000163e0000,0x00000000164e0000)]
  0x0000000015068800 JavaThread "Finalizer" daemon [_thread_blocked, id=5608, stack(0x00000000162e0000,0x00000000163e0000)]
  0x000000000299f000 JavaThread "Reference Handler" daemon [_thread_blocked, id=3268, stack(0x00000000161e0000,0x00000000162e0000)]
  0x00000000028b0800 JavaThread "main" [_thread_blocked, id=3528, stack(0x00000000026b0000,0x00000000027b0000)]

Other Threads:
  0x0000000015044800 VMThread [stack: 0x00000000160e0000,0x00000000161e0000] [id=6200]
  0x0000000016840800 WatcherThread [stack: 0x0000000016de0000,0x0000000016ee0000] [id=4896]

VM state:not at safepoint (normal execution)

VM Mutex/Monitor currently owned by a thread: None

Heap:
 PSYoungGen      total 153088K, used 115167K [0x00000000eab00000, 0x00000000fd600000, 0x0000000100000000)
  eden space 131584K, 87% used [0x00000000eab00000,0x00000000f1b77f50,0x00000000f2b80000)
  from space 21504K, 0% used [0x00000000f4080000,0x00000000f4080000,0x00000000f5580000)
  to   space 21504K, 0% used [0x00000000f2b80000,0x00000000f2b80000,0x00000000f4080000)
 ParOldGen       total 349696K, used 6952K [0x00000000c0000000, 0x00000000d5580000, 0x00000000eab00000)
  object space 349696K, 1% used [0x00000000c0000000,0x00000000c06ca040,0x00000000d5580000)
 Metaspace       used 30321K, capacity 30872K, committed 31232K, reserved 1077248K
  class space    used 4068K, capacity 4246K, committed 4352K, reserved 1048576K

Card table byte_map: [0x0000000011d70000,0x0000000011f80000] byte_map_base: 0x0000000011770000

Marking Bits: (ParMarkBitMap*) 0x000000005c8318f0
 Begin Bits: [0x00000000124e0000, 0x00000000134e0000)
 End Bits:   [0x00000000134e0000, 0x00000000144e0000)

Polling page: 0x0000000000990000

CodeCache: size=245760Kb used=10313Kb max_used=10313Kb free=235446Kb
 bounds [0x00000000029b0000, 0x00000000033d0000, 0x00000000119b0000]
 total_blobs=3231 nmethods=2558 adapters=586
 compilation: enabled

Compilation events (10 events):
Event: 21.358 Thread 0x000000001682d800 2757       2       com.sun.org.apache.xerces.internal.dom.ParentNode::<init> (21 bytes)
Event: 21.358 Thread 0x000000001682d800 nmethod 2757 0x00000000033c8850 code [0x00000000033c89a0, 0x00000000033c8b50]
Event: 21.358 Thread 0x000000001682d800 2758  s    2       java.io.ByteArrayInputStream::read (36 bytes)
Event: 21.358 Thread 0x000000001682d800 nmethod 2758 0x00000000033c8bd0 code [0x00000000033c8d40, 0x00000000033c9050]
Event: 21.360 Thread 0x000000001682d800 2761       2       java.util.Collections::emptyIterator (4 bytes)
Event: 21.360 Thread 0x000000001682d800 nmethod 2761 0x00000000033c9150 code [0x00000000033c92a0, 0x00000000033c93d0]
Event: 21.360 Thread 0x000000001682d800 2762       2       org.gradle.internal.component.external.model.AbstractModuleComponentResolveMetadata$DefaultConfigurationMetadata::collectInheritedArtifacts (71 bytes)
Event: 21.360 Thread 0x000000001682d800 nmethod 2762 0x00000000033c9450 code [0x00000000033c9600, 0x00000000033c9938]
Event: 21.360 Thread 0x000000001682d800 2763       2       java.util.HashMap::putMapEntries (154 bytes)
Event: 21.361 Thread 0x000000001682d800 nmethod 2763 0x00000000033c9b10 code [0x00000000033c9d40, 0x00000000033ca208]

GC Heap History (6 events):
Event: 16.917 GC heap before
{Heap before GC invocations=1 (full 0):
 PSYoungGen      total 153088K, used 131584K [0x00000000eab00000, 0x00000000f5580000, 0x0000000100000000)
  eden space 131584K, 100% used [0x00000000eab00000,0x00000000f2b80000,0x00000000f2b80000)
  from space 21504K, 0% used [0x00000000f4080000,0x00000000f4080000,0x00000000f5580000)
  to   space 21504K, 0% used [0x00000000f2b80000,0x00000000f2b80000,0x00000000f4080000)
 ParOldGen       total 349696K, used 0K [0x00000000c0000000, 0x00000000d5580000, 0x00000000eab00000)
  object space 349696K, 0% used [0x00000000c0000000,0x00000000c0000000,0x00000000d5580000)
 Metaspace       used 20453K, capacity 20880K, committed 21120K, reserved 1067008K
  class space    used 2760K, capacity 2914K, committed 2944K, reserved 1048576K
Event: 16.993 GC heap after
Heap after GC invocations=1 (full 0):
 PSYoungGen      total 153088K, used 16358K [0x00000000eab00000, 0x00000000f5580000, 0x0000000100000000)
  eden space 131584K, 0% used [0x00000000eab00000,0x00000000eab00000,0x00000000f2b80000)
  from space 21504K, 76% used [0x00000000f2b80000,0x00000000f3b79bb8,0x00000000f4080000)
  to   space 21504K, 0% used [0x00000000f4080000,0x00000000f4080000,0x00000000f5580000)
 ParOldGen       total 349696K, used 16K [0x00000000c0000000, 0x00000000d5580000, 0x00000000eab00000)
  object space 349696K, 0% used [0x00000000c0000000,0x00000000c0004000,0x00000000d5580000)
 Metaspace       used 20453K, capacity 20880K, committed 21120K, reserved 1067008K
  class space    used 2760K, capacity 2914K, committed 2944K, reserved 1048576K
}
Event: 17.105 GC heap before
{Heap before GC invocations=2 (full 0):
 PSYoungGen      total 153088K, used 25405K [0x00000000eab00000, 0x00000000f5580000, 0x0000000100000000)
  eden space 131584K, 6% used [0x00000000eab00000,0x00000000eb3d5938,0x00000000f2b80000)
  from space 21504K, 76% used [0x00000000f2b80000,0x00000000f3b79bb8,0x00000000f4080000)
  to   space 21504K, 0% used [0x00000000f4080000,0x00000000f4080000,0x00000000f5580000)
 ParOldGen       total 349696K, used 16K [0x00000000c0000000, 0x00000000d5580000, 0x00000000eab00000)
  object space 349696K, 0% used [0x00000000c0000000,0x00000000c0004000,0x00000000d5580000)
 Metaspace       used 20708K, capacity 21142K, committed 21296K, reserved 1067008K
  class space    used 2791K, capacity 2916K, committed 2944K, reserved 1048576K
Event: 17.116 GC heap after
Heap after GC invocations=2 (full 0):
 PSYoungGen      total 153088K, used 7061K [0x00000000eab00000, 0x00000000fd600000, 0x0000000100000000)
  eden space 131584K, 0% used [0x00000000eab00000,0x00000000eab00000,0x00000000f2b80000)
  from space 21504K, 32% used [0x00000000f4080000,0x00000000f4765630,0x00000000f5580000)
  to   space 21504K, 0% used [0x00000000f2b80000,0x00000000f2b80000,0x00000000f4080000)
 ParOldGen       total 349696K, used 24K [0x00000000c0000000, 0x00000000d5580000, 0x00000000eab00000)
  object space 349696K, 0% used [0x00000000c0000000,0x00000000c0006000,0x00000000d5580000)
 Metaspace       used 20708K, capacity 21142K, committed 21296K, reserved 1067008K
  class space    used 2791K, capacity 2916K, committed 2944K, reserved 1048576K
}
Event: 17.116 GC heap before
{Heap before GC invocations=3 (full 1):
 PSYoungGen      total 153088K, used 7061K [0x00000000eab00000, 0x00000000fd600000, 0x0000000100000000)
  eden space 131584K, 0% used [0x00000000eab00000,0x00000000eab00000,0x00000000f2b80000)
  from space 21504K, 32% used [0x00000000f4080000,0x00000000f4765630,0x00000000f5580000)
  to   space 21504K, 0% used [0x00000000f2b80000,0x00000000f2b80000,0x00000000f4080000)
 ParOldGen       total 349696K, used 24K [0x00000000c0000000, 0x00000000d5580000, 0x00000000eab00000)
  object space 349696K, 0% used [0x00000000c0000000,0x00000000c0006000,0x00000000d5580000)
 Metaspace       used 20708K, capacity 21142K, committed 21296K, reserved 1067008K
  class space    used 2791K, capacity 2916K, committed 2944K, reserved 1048576K
Event: 17.181 GC heap after
Heap after GC invocations=3 (full 1):
 PSYoungGen      total 153088K, used 0K [0x00000000eab00000, 0x00000000fd600000, 0x0000000100000000)
  eden space 131584K, 0% used [0x00000000eab00000,0x00000000eab00000,0x00000000f2b80000)
  from space 21504K, 0% used [0x00000000f4080000,0x00000000f4080000,0x00000000f5580000)
  to   space 21504K, 0% used [0x00000000f2b80000,0x00000000f2b80000,0x00000000f4080000)
 ParOldGen       total 349696K, used 6952K [0x00000000c0000000, 0x00000000d5580000, 0x00000000eab00000)
  object space 349696K, 1% used [0x00000000c0000000,0x00000000c06ca040,0x00000000d5580000)
 Metaspace       used 20708K, capacity 21142K, committed 21296K, reserved 1067008K
  class space    used 2791K, capacity 2916K, committed 2944K, reserved 1048576K
}

Deoptimization events (10 events):
Event: 19.500 Thread 0x0000000017a85000 Uncommon trap: reason=unstable_if action=reinterpret pc=0x0000000002c86168 method=java.util.HashMap.hash(Ljava/lang/Object;)I @ 1
Event: 19.744 Thread 0x0000000017a85000 Uncommon trap: reason=unstable_if action=reinterpret pc=0x0000000002e1ad44 method=java.util.HashMap.getNode(ILjava/lang/Object;)Ljava/util/HashMap$Node; @ 53
Event: 19.744 Thread 0x0000000017a85000 Uncommon trap: reason=unstable_if action=reinterpret pc=0x0000000002dd5cf0 method=java.util.HashMap.hash(Ljava/lang/Object;)I @ 1
Event: 19.744 Thread 0x0000000017a85000 Uncommon trap: reason=unstable_if action=reinterpret pc=0x0000000002e0a818 method=java.util.HashMap.putVal(ILjava/lang/Object;Ljava/lang/Object;ZZ)Ljava/lang/Object; @ 85
Event: 19.853 Thread 0x0000000017a85000 Uncommon trap: reason=class_check action=maybe_recompile pc=0x0000000002f33c4c method=java.lang.reflect.Method.equals(Ljava/lang/Object;)Z @ 5
Event: 19.869 Thread 0x0000000017a85000 Uncommon trap: reason=class_check action=maybe_recompile pc=0x0000000002f33c4c method=java.lang.reflect.Method.equals(Ljava/lang/Object;)Z @ 5
Event: 20.034 Thread 0x0000000017a85000 Uncommon trap: reason=class_check action=maybe_recompile pc=0x0000000002f33c4c method=java.lang.reflect.Method.equals(Ljava/lang/Object;)Z @ 5
Event: 20.034 Thread 0x0000000017a85000 Uncommon trap: reason=class_check action=maybe_recompile pc=0x0000000002f33c4c method=java.lang.reflect.Method.equals(Ljava/lang/Object;)Z @ 5
Event: 20.333 Thread 0x0000000017a85000 Uncommon trap: reason=unstable_if action=reinterpret pc=0x0000000003260f58 method=org.objectweb.asm.Item.a(Lorg/objectweb/asm/Item;)Z @ 345
Event: 20.726 Thread 0x0000000017a85000 Uncommon trap: reason=unstable_if action=reinterpret pc=0x0000000002abf360 method=java.net.URI.match(CJJ)Z @ 45

Internal exceptions (10 events):
Event: 20.295 Thread 0x0000000017a85000 Exception <a 'java/lang/ClassNotFoundException': org/gradle/api/plugins/ObjectConfigurationActionBeanInfo> (0x00000000efac4ac0) thrown at [C:\src\android\AOSP-openjdk\external\jetbrains\jdk\hotspot\src\share\vm\classfile\systemDictionary.cpp, line 210]
Event: 20.295 Thread 0x0000000017a85000 Exception <a 'java/lang/ClassNotFoundException': org/gradle/api/plugins/ObjectConfigurationActionCustomizer> (0x00000000efad6948) thrown at [C:\src\android\AOSP-openjdk\external\jetbrains\jdk\hotspot\src\share\vm\classfile\systemDictionary.cpp, line 210]
Event: 20.357 Thread 0x0000000017a85000 Exception <a 'java/lang/ClassNotFoundException': JetGradlePluginBeanInfo> (0x00000000efd59d60) thrown at [C:\src\android\AOSP-openjdk\external\jetbrains\jdk\hotspot\src\share\vm\classfile\systemDictionary.cpp, line 210]
Event: 20.358 Thread 0x0000000017a85000 Exception <a 'java/lang/ClassNotFoundException': JetGradlePluginCustomizer> (0x00000000efd631b0) thrown at [C:\src\android\AOSP-openjdk\external\jetbrains\jdk\hotspot\src\share\vm\classfile\systemDictionary.cpp, line 210]
Event: 20.361 Thread 0x0000000017a85000 Exception <a 'java/lang/ClassNotFoundException': org/gradle/tooling/provider/model/internal/DefaultToolingModelBuilderRegistryBeanInfo> (0x00000000efdb1810) thrown at [C:\src\android\AOSP-openjdk\external\jetbrains\jdk\hotspot\src\share\vm\classfile\systemHÅQ*ï\4@
Event: 20.362 Thread 0x0000000017a85000 Exception <a 'java/lang/ClassNotFoundException': org/gradle/tooling/provider/model/internal/DefaultToolingModelBuilderRegistryCustomizer> (0x00000000efde4520) thrown at [C:\src\android\AOSP-openjdk\external\jetbrains\jdk\hotspot\src\share\vm\classfile\syst∑?E~Æô4@
Event: 20.600 Thread 0x0000000017a85000 Exception <a 'java/lang/ClassNotFoundException': build_e8hogvse77904s5am54xbwozaBeanInfo> (0x00000000f02de4d0) thrown at [C:\src\android\AOSP-openjdk\external\jetbrains\jdk\hotspot\src\share\vm\classfile\systemDictionary.cpp, line 210]
Event: 20.601 Thread 0x0000000017a85000 Exception <a 'java/lang/ClassNotFoundException': org/gradle/api/internal/project/ProjectScriptBeanInfo> (0x00000000f02efaf0) thrown at [C:\src\android\AOSP-openjdk\external\jetbrains\jdk\hotspot\src\share\vm\classfile\systemDictionary.cpp, line 210]
Event: 20.625 Thread 0x0000000017a85000 Exception <a 'java/lang/ClassNotFoundException': org/gradle/api/internal/project/ProjectScriptCustomizer> (0x00000000f0301550) thrown at [C:\src\android\AOSP-openjdk\external\jetbrains\jdk\hotspot\src\share\vm\classfile\systemDictionary.cpp, line 210]
Event: 20.629 Thread 0x0000000017a85000 Exception <a 'java/lang/ClassNotFoundException': build_e8hogvse77904s5am54xbwozaCustomizer> (0x00000000f0320e30) thrown at [C:\src\android\AOSP-openjdk\external\jetbrains\jdk\hotspot\src\share\vm\classfile\systemDictionary.cpp, line 210]

Events (10 events):
Event: 21.253 loading class org/gradle/internal/component/external/descriptor/DefaultExclude
Event: 21.253 loading class org/gradle/internal/component/external/descriptor/DefaultExclude done
Event: 21.257 loading class org/gradle/api/internal/artifacts/ivyservice/resolveengine/excludes/ModuleExclusions$1
Event: 21.257 loading class org/gradle/api/internal/artifacts/ivyservice/resolveengine/excludes/ModuleExclusions$1 done
Event: 21.258 loading class org/gradle/api/internal/artifacts/ivyservice/resolveengine/excludes/PatternMatchers
Event: 21.258 loading class org/gradle/api/internal/artifacts/ivyservice/resolveengine/excludes/PatternMatchers done
Event: 21.262 loading class org/apache/ivy/plugins/matcher/PatternMatcher
Event: 21.262 loading class org/apache/ivy/plugins/matcher/PatternMatcher done
Event: 21.282 Thread 0x0000000017a85000 DEOPT PACKING pc=0x0000000002bdbebe sp=0x0000000019079900
Event: 21.282 Thread 0x0000000017a85000 DEOPT UNPACKING pc=0x00000000029f75bf sp=0x0000000019079610 mode 0


Dynamic libraries:
0x00007ff6dfb50000 - 0x00007ff6dfb81000 	H:\android studio\SDK\jre\bin\java.exe
0x00007ffa6bbf0000 - 0x00007ffa6bdc2000 	C:\WINDOWS\SYSTEM32\ntdll.dll
0x00007ffa69cd0000 - 0x00007ffa69d7c000 	C:\WINDOWS\System32\KERNEL32.DLL
0x00007ffa68f60000 - 0x00007ffa6917d000 	C:\WINDOWS\System32\KERNELBASE.dll
0x00007ffa6bb40000 - 0x00007ffa6bbe2000 	C:\WINDOWS\System32\ADVAPI32.dll
0x00007ffa694d0000 - 0x00007ffa6956e000 	C:\WINDOWS\System32\msvcrt.dll
0x00007ffa69570000 - 0x00007ffa695c9000 	C:\WINDOWS\System32\sechost.dll
0x00007ffa6a1c0000 - 0x00007ffa6a2e1000 	C:\WINDOWS\System32\RPCRT4.dll
0x00007ffa69ef0000 - 0x00007ffa6a055000 	C:\WINDOWS\System32\USER32.dll
0x00007ffa68980000 - 0x00007ffa6899e000 	C:\WINDOWS\System32\win32u.dll
0x00007ffa6a2f0000 - 0x00007ffa6a324000 	C:\WINDOWS\System32\GDI32.dll
0x00007ffa68d90000 - 0x00007ffa68f10000 	C:\WINDOWS\System32\gdi32full.dll
0x00007ffa5d100000 - 0x00007ffa5d37a000 	C:\WINDOWS\WinSxS\amd64_microsoft.windows.common-controls_6595b64144ccf1df_6.0.14393.953_none_42151e83c686086b\COMCTL32.dll
0x00007ffa69a00000 - 0x00007ffa69cc8000 	C:\WINDOWS\System32\combase.dll
0x00007ffa689a0000 - 0x00007ffa68a95000 	C:\WINDOWS\System32\ucrtbase.dll
0x00007ffa68d20000 - 0x00007ffa68d8a000 	C:\WINDOWS\System32\bcryptPrimitives.dll
0x00007ffa692e0000 - 0x00007ffa6930e000 	C:\WINDOWS\System32\IMM32.DLL
0x000000005b890000 - 0x000000005b962000 	H:\android studio\SDK\jre\jre\bin\msvcr100.dll
0x000000005c070000 - 0x000000005c8ac000 	H:\android studio\SDK\jre\jre\bin\server\jvm.dll
0x00007ffa6b990000 - 0x00007ffa6b998000 	C:\WINDOWS\System32\PSAPI.DLL
0x00007ffa59ec0000 - 0x00007ffa59ec9000 	C:\WINDOWS\SYSTEM32\WSOCK32.dll
0x00007ffa69d80000 - 0x00007ffa69dea000 	C:\WINDOWS\System32\WS2_32.dll
0x00007ffa665c0000 - 0x00007ffa665e3000 	C:\WINDOWS\SYSTEM32\WINMM.dll
0x00007ffa60750000 - 0x00007ffa6075a000 	C:\WINDOWS\SYSTEM32\VERSION.dll
0x00007ffa66590000 - 0x00007ffa665bb000 	C:\WINDOWS\SYSTEM32\WINMMBASE.dll
0x00007ffa68f10000 - 0x00007ffa68f52000 	C:\WINDOWS\System32\cfgmgr32.dll
0x00007ffa59ca0000 - 0x00007ffa59caf000 	H:\android studio\SDK\jre\jre\bin\verify.dll
0x00007ffa45900000 - 0x00007ffa45929000 	H:\android studio\SDK\jre\jre\bin\java.dll
0x00007ffa4c790000 - 0x00007ffa4c7a6000 	H:\android studio\SDK\jre\jre\bin\zip.dll
0x00007ffa6a3a0000 - 0x00007ffa6b8a8000 	C:\WINDOWS\System32\SHELL32.dll
0x00007ffa681a0000 - 0x00007ffa68878000 	C:\WINDOWS\System32\windows.storage.dll
0x00007ffa68090000 - 0x00007ffa680dc000 	C:\WINDOWS\System32\powrprof.dll
0x00007ffa6a160000 - 0x00007ffa6a1b2000 	C:\WINDOWS\System32\shlwapi.dll
0x00007ffa680e0000 - 0x00007ffa680ef000 	C:\WINDOWS\System32\kernel.appcore.dll
0x00007ffa68aa0000 - 0x00007ffa68b49000 	C:\WINDOWS\System32\shcore.dll
0x00007ffa68060000 - 0x00007ffa68074000 	C:\WINDOWS\System32\profapi.dll
0x00007ffa4b2c0000 - 0x00007ffa4b2da000 	H:\android studio\SDK\jre\jre\bin\net.dll
0x00007ffa67930000 - 0x00007ffa6798c000 	C:\WINDOWS\system32\mswsock.dll
0x00007ffa441e0000 - 0x00007ffa441f1000 	H:\android studio\SDK\jre\jre\bin\nio.dll
0x00007ffa61060000 - 0x00007ffa6107e000 	C:\Users\takato\.gradle\native\23\windows-amd64\native-platform.dll
0x00007ffa67ad0000 - 0x00007ffa67ae7000 	C:\WINDOWS\SYSTEM32\CRYPTSP.dll
0x00007ffa67530000 - 0x00007ffa67563000 	C:\WINDOWS\system32\rsaenh.dll
0x00007ffa67fb0000 - 0x00007ffa67fdb000 	C:\WINDOWS\SYSTEM32\bcrypt.dll
0x00007ffa677b0000 - 0x00007ffa677cf000 	C:\WINDOWS\SYSTEM32\USERENV.dll
0x00007ffa67af0000 - 0x00007ffa67afb000 	C:\WINDOWS\SYSTEM32\CRYPTBASE.dll
0x00007ffa676b0000 - 0x00007ffa676e8000 	C:\WINDOWS\SYSTEM32\IPHLPAPI.DLL
0x00007ffa692d0000 - 0x00007ffa692d8000 	C:\WINDOWS\System32\NSI.dll
0x00007ffa61920000 - 0x00007ffa61936000 	C:\WINDOWS\SYSTEM32\dhcpcsvc6.DLL
0x00007ffa62b50000 - 0x00007ffa62b6a000 	C:\WINDOWS\SYSTEM32\dhcpcsvc.DLL
0x00007ffa62ea0000 - 0x00007ffa62ead000 	H:\android studio\SDK\jre\jre\bin\management.dll

VM Arguments:
jvm_args: -Xms512m -Xmx1024m -Dfile.encoding=windows-31j -Duser.country=JP -Duser.language=ja -Duser.variant 
java_command: org.gradle.launcher.daemon.bootstrap.GradleDaemon 3.3
java_class_path (initial): C:\Users\takato\.gradle\wrapper\dists\gradle-3.3-all\55gk2rcmfc6p2dg9u9ohc3hw9\gradle-3.3\lib\gradle-launcher-3.3.jar
Launcher Type: SUN_STANDARD

Environment Variables:
PATH=C:\Program Files (x86)\Intel\iCLS Client\;C:\Program Files\Intel\iCLS Client\;C:\WINDOWS\system32;C:\WINDOWS;C:\WINDOWS\System32\Wbem;C:\WINDOWS\System32\WindowsPowerShell\v1.0\;C:\Program Files (x86)\Intel\Intel(R) Management Engine Components\DAL;C:\Program Files\Intel\Intel(R) Management Engine Components\DAL;C:\Program Files (x86)\Intel\Intel(R) Management Engine Components\IPT;C:\Program Files\Intel\Intel(R) Management Engine Components\IPT;C:\Program Files (x86)\GtkSharp\2.12\bin;C:\Program Files\Microsoft SQL Server\130\Tools\Binn\;C:\Program Files\Microsoft\Web Platform Installer\;C:\Program Files (x86)\Windows Kits\8.1\Windows Performance Toolkit\;H:\git\Git\cmd;C:\Microsoft VS Code\bin;C:\Users\takato\AppData\Local\Microsoft\WindowsApps;C:\Users\takato\AppData\Local\atom\bin
USERNAME=takato
OS=Windows_NT
PROCESSOR_IDENTIFIER=Intel64 Family 6 Model 78 Stepping 3, GenuineIntel



---------------  S Y S T E M  ---------------

OS: Windows 10.0 , 64 bit Build 14393 (10.0.14393.1198)

CPU:total 4 (2 cores per cpu, 2 threads per core) family 6 model 78 stepping 3, cmov, cx8, fxsr, mmx, sse, sse2, sse3, ssse3, sse4.1, sse4.2, popcnt, avx, avx2, aes, clmul, erms, 3dnowpref, lzcnt, ht, tsc, tscinvbit, bmi1, bmi2, adx

Memory: 4k page, physical 4124476k(122860k free), swap 9244344k(7848k free)

vm_info: OpenJDK 64-Bit Server VM (25.112-b06) for windows-amd64 JRE (1.8.0_112-release-b06), built on Dec  8 2016 00:54:26 by "builder" with MS VC++ 10.0 (VS2010)

time: Sat Oct 21 14:12:34 2017
elapsed time: 21 seconds (0d 0h 0m 21s)

