#
# There is insufficient memory for the Java Runtime Environment to continue.
# Native memory allocation (malloc) failed to allocate 145216 bytes for Chunk::new
# Possible reasons:
#   The system is out of physical RAM or swap space
#   In 32 bit mode, the process size limit was hit
# Possible solutions:
#   Reduce memory load on the system
#   Increase physical memory or swap space
#   Check if swap backing store is full
#   Use 64 bit Java on a 64 bit OS
#   Decrease Java heap size (-Xmx/-Xms)
#   Decrease number of Java threads
#   Decrease Java thread stack sizes (-Xss)
#   Set larger code cache with -XX:ReservedCodeCacheSize=
# This output file may be truncated or incomplete.
#
#  Out of Memory Error (allocation.cpp:390), pid=4704, tid=0x0000000000002938
#
# JRE version: OpenJDK Runtime Environment (8.0_112-b06) (build 1.8.0_112-release-b06)
# Java VM: OpenJDK 64-Bit Server VM (25.112-b06 mixed mode windows-amd64 compressed oops)
# Failed to write core dump. Minidumps are not enabled by default on client versions of Windows
#

---------------  T H R E A D  ---------------

Current thread (0x000000001570a000):  JavaThread "C2 CompilerThread1" daemon [_thread_in_native, id=10552, stack(0x0000000016d00000,0x0000000016e00000)]

Stack: [0x0000000016d00000,0x0000000016e00000]
[error occurred during error reporting (printing stack bounds), id 0xc0000005]

Native frames: (J=compiled Java code, j=interpreted, Vv=VM code, C=native code)


Current CompileTask:
C2:  12531 1246   !   4       java.util.concurrent.ConcurrentHashMap::putVal (362 bytes)


---------------  P R O C E S S  ---------------

Java Threads: ( => current thread )
  0x0000000017b53800 JavaThread "Compiler Source File Reader" daemon [_thread_in_native, id=2932, stack(0x00000000198d0000,0x00000000199d0000)]
  0x0000000017b53000 JavaThread "Compiler Source File Reader" daemon [_thread_in_native, id=3680, stack(0x00000000197d0000,0x00000000198d0000)]
  0x0000000017b7b000 JavaThread "Compiler Source File Reader" daemon [_thread_in_native, id=10900, stack(0x00000000196d0000,0x00000000197d0000)]
  0x0000000017b50000 JavaThread "Compiler Source File Reader" daemon [_thread_in_vm, id=2064, stack(0x00000000195d0000,0x00000000196d0000)]
  0x0000000017c34800 JavaThread "Compiler Source File Reader" daemon [_thread_in_native, id=7012, stack(0x00000000194d0000,0x00000000195d0000)]
  0x0000000017647000 JavaThread "Jack reporter" [_thread_blocked, id=9236, stack(0x0000000018000000,0x0000000018100000)]
  0x0000000016e2d800 JavaThread "Service Thread" daemon [_thread_blocked, id=8796, stack(0x0000000017300000,0x0000000017400000)]
  0x000000001570d000 JavaThread "C1 CompilerThread2" daemon [_thread_blocked, id=9524, stack(0x0000000017200000,0x0000000017300000)]
=>0x000000001570a000 JavaThread "C2 CompilerThread1" daemon [_thread_in_native, id=10552, stack(0x0000000016d00000,0x0000000016e00000)]
  0x0000000015707800 JavaThread "C2 CompilerThread0" daemon [_thread_in_native, id=10888, stack(0x0000000016c00000,0x0000000016d00000)]
  0x0000000015702800 JavaThread "Attach Listener" daemon [_thread_blocked, id=10548, stack(0x0000000016b00000,0x0000000016c00000)]
  0x00000000156c0000 JavaThread "Signal Dispatcher" daemon [_thread_blocked, id=7016, stack(0x0000000016a00000,0x0000000016b00000)]
  0x0000000002fdc000 JavaThread "Finalizer" daemon [_thread_blocked, id=7644, stack(0x0000000016900000,0x0000000016a00000)]
  0x0000000002fd3000 JavaThread "Reference Handler" daemon [_thread_blocked, id=2492, stack(0x0000000016800000,0x0000000016900000)]
  0x00000000029be800 JavaThread "main" [_thread_in_vm, id=6600, stack(0x0000000002de0000,0x0000000002ee0000)]

Other Threads:
  0x0000000015675800 VMThread [stack: 0x0000000016700000,0x0000000016800000] [id=8468]
  0x0000000016e30800 WatcherThread [stack: 0x0000000017400000,0x0000000017500000] [id=8668]

VM state:not at safepoint (normal execution)

VM Mutex/Monitor currently owned by a thread: None

Heap:
 PSYoungGen      total 35328K, used 20777K [0x00000000eab00000, 0x00000000f0300000, 0x0000000100000000)
  eden space 32768K, 55% used [0x00000000eab00000,0x00000000ebcd2538,0x00000000ecb00000)
  from space 2560K, 98% used [0x00000000ecb00000,0x00000000ecd78020,0x00000000ecd80000)
  to   space 12288K, 0% used [0x00000000ef700000,0x00000000ef700000,0x00000000f0300000)
 ParOldGen       total 44032K, used 22334K [0x00000000c0000000, 0x00000000c2b00000, 0x00000000eab00000)
  object space 44032K, 50% used [0x00000000c0000000,0x00000000c15cf8e0,0x00000000c2b00000)
 Metaspace       used 15851K, capacity 16042K, committed 16384K, reserved 1062912K
  class space    used 1895K, capacity 1953K, committed 2048K, reserved 1048576K

Card table byte_map: [0x00000000123a0000,0x00000000125b0000] byte_map_base: 0x0000000011da0000

Marking Bits: (ParMarkBitMap*) 0x000000005c5d18f0
 Begin Bits: [0x0000000012b10000, 0x0000000013b10000)
 End Bits:   [0x0000000013b10000, 0x0000000014b10000)

Polling page: 0x0000000002910000

CodeCache: size=245760Kb used=4481Kb max_used=4481Kb free=241278Kb
 bounds [0x0000000002fe0000, 0x0000000003450000, 0x0000000011fe0000]
 total_blobs=1597 nmethods=1246 adapters=264
 compilation: enabled

Compilation events (10 events):
Event: 12.437 Thread 0x000000001570d000 1244       3       java.net.URI$Parser::charAt (9 bytes)
Event: 12.438 Thread 0x000000001570d000 nmethod 1244 0x0000000003437c50 code [0x0000000003437dc0, 0x0000000003438108]
Event: 12.444 Thread 0x000000001570d000 1245       3       sun.reflect.UnsafeStaticFieldAccessorImpl::<init> (17 bytes)
Event: 12.444 Thread 0x000000001570d000 nmethod 1245 0x0000000003438290 code [0x0000000003438400, 0x0000000003438678]
Event: 12.500 Thread 0x000000001570a000 1246   !   4       java.util.concurrent.ConcurrentHashMap::putVal (362 bytes)
Event: 12.503 Thread 0x000000001570d000 1247       3       sun.nio.cs.UTF_8$Decoder::decodeArrayLoop (691 bytes)
Event: 12.510 Thread 0x000000001570d000 nmethod 1247 0x0000000003438750 code [0x00000000034390a0, 0x000000000343f8e8]
Event: 12.510 Thread 0x000000001570d000 1248       3       java.io.BufferedReader::fill (170 bytes)
Event: 12.510 Thread 0x000000001570d000 nmethod 1248 0x0000000003444650 code [0x0000000003444800, 0x0000000003444e88]
Event: 12.511 Thread 0x0000000015707800 1249 %     4       sun.nio.cs.UTF_8$Decoder::decodeArrayLoop @ 73 (691 bytes)

GC Heap History (10 events):
Event: 1.154 GC heap before
{Heap before GC invocations=1 (full 0):
 PSYoungGen      total 18944K, used 16384K [0x00000000eab00000, 0x00000000ec000000, 0x0000000100000000)
  eden space 16384K, 100% used [0x00000000eab00000,0x00000000ebb00000,0x00000000ebb00000)
  from space 2560K, 0% used [0x00000000ebd80000,0x00000000ebd80000,0x00000000ec000000)
  to   space 2560K, 0% used [0x00000000ebb00000,0x00000000ebb00000,0x00000000ebd80000)
 ParOldGen       total 44032K, used 0K [0x00000000c0000000, 0x00000000c2b00000, 0x00000000eab00000)
  object space 44032K, 0% used [0x00000000c0000000,0x00000000c0000000,0x00000000c2b00000)
 Metaspace       used 7961K, capacity 8102K, committed 8192K, reserved 1056768K
  class space    used 965K, capacity 1019K, committed 1024K, reserved 1048576K
Event: 1.173 GC heap after
Heap after GC invocations=1 (full 0):
 PSYoungGen      total 18944K, used 2533K [0x00000000eab00000, 0x00000000ed000000, 0x0000000100000000)
  eden space 16384K, 0% used [0x00000000eab00000,0x00000000eab00000,0x00000000ebb00000)
  from space 2560K, 98% used [0x00000000ebb00000,0x00000000ebd79620,0x00000000ebd80000)
  to   space 2560K, 0% used [0x00000000ecd80000,0x00000000ecd80000,0x00000000ed000000)
 ParOldGen       total 44032K, used 2613K [0x00000000c0000000, 0x00000000c2b00000, 0x00000000eab00000)
  object space 44032K, 5% used [0x00000000c0000000,0x00000000c028d678,0x00000000c2b00000)
 Metaspace       used 7961K, capacity 8102K, committed 8192K, reserved 1056768K
  class space    used 965K, capacity 1019K, committed 1024K, reserved 1048576K
}
Event: 2.967 GC heap before
{Heap before GC invocations=2 (full 0):
 PSYoungGen      total 18944K, used 18917K [0x00000000eab00000, 0x00000000ed000000, 0x0000000100000000)
  eden space 16384K, 100% used [0x00000000eab00000,0x00000000ebb00000,0x00000000ebb00000)
  from space 2560K, 98% used [0x00000000ebb00000,0x00000000ebd79620,0x00000000ebd80000)
  to   space 2560K, 0% used [0x00000000ecd80000,0x00000000ecd80000,0x00000000ed000000)
 ParOldGen       total 44032K, used 2613K [0x00000000c0000000, 0x00000000c2b00000, 0x00000000eab00000)
  object space 44032K, 5% used [0x00000000c0000000,0x00000000c028d678,0x00000000c2b00000)
 Metaspace       used 9974K, capacity 10110K, committed 10368K, reserved 1058816K
  class space    used 1276K, capacity 1343K, committed 1408K, reserved 1048576K
Event: 2.984 GC heap after
Heap after GC invocations=2 (full 0):
 PSYoungGen      total 35328K, used 2533K [0x00000000eab00000, 0x00000000ed000000, 0x0000000100000000)
  eden space 32768K, 0% used [0x00000000eab00000,0x00000000eab00000,0x00000000ecb00000)
  from space 2560K, 98% used [0x00000000ecd80000,0x00000000ecff9640,0x00000000ed000000)
  to   space 2560K, 0% used [0x00000000ecb00000,0x00000000ecb00000,0x00000000ecd80000)
 ParOldGen       total 44032K, used 4946K [0x00000000c0000000, 0x00000000c2b00000, 0x00000000eab00000)
  object space 44032K, 11% used [0x00000000c0000000,0x00000000c04d4b38,0x00000000c2b00000)
 Metaspace       used 9974K, capacity 10110K, committed 10368K, reserved 1058816K
  class space    used 1276K, capacity 1343K, committed 1408K, reserved 1048576K
}
Event: 5.975 GC heap before
{Heap before GC invocations=3 (full 0):
 PSYoungGen      total 35328K, used 35301K [0x00000000eab00000, 0x00000000ed000000, 0x0000000100000000)
  eden space 32768K, 100% used [0x00000000eab00000,0x00000000ecb00000,0x00000000ecb00000)
  from space 2560K, 98% used [0x00000000ecd80000,0x00000000ecff9640,0x00000000ed000000)
  to   space 2560K, 0% used [0x00000000ecb00000,0x00000000ecb00000,0x00000000ecd80000)
 ParOldGen       total 44032K, used 4946K [0x00000000c0000000, 0x00000000c2b00000, 0x00000000eab00000)
  object space 44032K, 11% used [0x00000000c0000000,0x00000000c04d4b38,0x00000000c2b00000)
 Metaspace       used 10014K, capacity 10174K, committed 10368K, reserved 1058816K
  class space    used 1279K, capacity 1343K, committed 1408K, reserved 1048576K
Event: 5.991 GC heap after
Heap after GC invocations=3 (full 0):
 PSYoungGen      total 35328K, used 2549K [0x00000000eab00000, 0x00000000ed000000, 0x0000000100000000)
  eden space 32768K, 0% used [0x00000000eab00000,0x00000000eab00000,0x00000000ecb00000)
  from space 2560K, 99% used [0x00000000ecb00000,0x00000000ecd7d650,0x00000000ecd80000)
  to   space 2560K, 0% used [0x00000000ecd80000,0x00000000ecd80000,0x00000000ed000000)
 ParOldGen       total 44032K, used 6602K [0x00000000c0000000, 0x00000000c2b00000, 0x00000000eab00000)
  object space 44032K, 14% used [0x00000000c0000000,0x00000000c0672b58,0x00000000c2b00000)
 Metaspace       used 10014K, capacity 10174K, committed 10368K, reserved 1058816K
  class space    used 1279K, capacity 1343K, committed 1408K, reserved 1048576K
}
Event: 6.871 GC heap before
{Heap before GC invocations=4 (full 0):
 PSYoungGen      total 35328K, used 35317K [0x00000000eab00000, 0x00000000ed000000, 0x0000000100000000)
  eden space 32768K, 100% used [0x00000000eab00000,0x00000000ecb00000,0x00000000ecb00000)
  from space 2560K, 99% used [0x00000000ecb00000,0x00000000ecd7d650,0x00000000ecd80000)
  to   space 2560K, 0% used [0x00000000ecd80000,0x00000000ecd80000,0x00000000ed000000)
 ParOldGen       total 44032K, used 6602K [0x00000000c0000000, 0x00000000c2b00000, 0x00000000eab00000)
  object space 44032K, 14% used [0x00000000c0000000,0x00000000c0672b58,0x00000000c2b00000)
 Metaspace       used 11593K, capacity 11722K, committed 11904K, reserved 1058816K
  class space    used 1524K, capacity 1601K, committed 1664K, reserved 1048576K
Event: 6.917 GC heap after
Heap after GC invocations=4 (full 0):
 PSYoungGen      total 35328K, used 2528K [0x00000000eab00000, 0x00000000ef000000, 0x0000000100000000)
  eden space 32768K, 0% used [0x00000000eab00000,0x00000000eab00000,0x00000000ecb00000)
  from space 2560K, 98% used [0x00000000ecd80000,0x00000000ecff8020,0x00000000ed000000)
  to   space 2560K, 0% used [0x00000000ecb00000,0x00000000ecb00000,0x00000000ecd80000)
 ParOldGen       total 44032K, used 14823K [0x00000000c0000000, 0x00000000c2b00000, 0x00000000eab00000)
  object space 44032K, 33% used [0x00000000c0000000,0x00000000c0e79f68,0x00000000c2b00000)
 Metaspace       used 11593K, capacity 11722K, committed 11904K, reserved 1058816K
  class space    used 1524K, capacity 1601K, committed 1664K, reserved 1048576K
}
Event: 10.565 GC heap before
{Heap before GC invocations=5 (full 0):
 PSYoungGen      total 35328K, used 35296K [0x00000000eab00000, 0x00000000ef000000, 0x0000000100000000)
  eden space 32768K, 100% used [0x00000000eab00000,0x00000000ecb00000,0x00000000ecb00000)
  from space 2560K, 98% used [0x00000000ecd80000,0x00000000ecff8020,0x00000000ed000000)
  to   space 2560K, 0% used [0x00000000ecb00000,0x00000000ecb00000,0x00000000ecd80000)
 ParOldGen       total 44032K, used 14823K [0x00000000c0000000, 0x00000000c2b00000, 0x00000000eab00000)
  object space 44032K, 33% used [0x00000000c0000000,0x00000000c0e79f68,0x00000000c2b00000)
 Metaspace       used 12304K, capacity 12458K, committed 12672K, reserved 1060864K
  class space    used 1561K, capacity 1633K, committed 1664K, reserved 1048576K
Event: 10.598 GC heap after
Heap after GC invocations=5 (full 0):
 PSYoungGen      total 35328K, used 2528K [0x00000000eab00000, 0x00000000f0300000, 0x0000000100000000)
  eden space 32768K, 0% used [0x00000000eab00000,0x00000000eab00000,0x00000000ecb00000)
  from space 2560K, 98% used [0x00000000ecb00000,0x00000000ecd78020,0x00000000ecd80000)
  to   space 12288K, 0% used [0x00000000ef700000,0x00000000ef700000,0x00000000f0300000)
 ParOldGen       total 44032K, used 22334K [0x00000000c0000000, 0x00000000c2b00000, 0x00000000eab00000)
  object space 44032K, 50% used [0x00000000c0000000,0x00000000c15cf8e0,0x00000000c2b00000)
 Metaspace       used 12304K, capacity 12458K, committed 12672K, reserved 1060864K
  class space    used 1561K, capacity 1633K, committed 1664K, reserved 1048576K
}

Deoptimization events (10 events):
Event: 10.409 Thread 0x00000000029be800 Uncommon trap: reason=unstable_if action=reinterpret pc=0x000000000332b360 method=com.android.jack.google.common.base.Splitter$SplittingIterator.computeNext()Ljava/lang/String; @ 105
Event: 10.409 Thread 0x00000000029be800 Uncommon trap: reason=unstable_if action=reinterpret pc=0x000000000332d120 method=com.android.jack.google.common.base.Splitter$SplittingIterator.computeNext()Ljava/lang/String; @ 105
Event: 10.615 Thread 0x00000000029be800 Uncommon trap: reason=unstable_if action=reinterpret pc=0x0000000003328690 method=java.util.Properties.loadConvert([CII[C)Ljava/lang/String; @ 4
Event: 10.616 Thread 0x00000000029be800 Uncommon trap: reason=class_check action=maybe_recompile pc=0x0000000003385f70 method=java.util.Collections$SynchronizedCollection.iterator()Ljava/util/Iterator; @ 4
Event: 10.637 Thread 0x00000000029be800 Uncommon trap: reason=unstable_if action=reinterpret pc=0x00000000033fe728 method=java.util.ArrayList.addAll(Ljava/util/Collection;)Z @ 45
Event: 10.790 Thread 0x00000000029be800 Uncommon trap: reason=class_check action=maybe_recompile pc=0x0000000003385f70 method=java.util.Collections$SynchronizedCollection.iterator()Ljava/util/Iterator; @ 4
Event: 11.476 Thread 0x00000000029be800 Uncommon trap: reason=class_check action=maybe_recompile pc=0x0000000003429330 method=java.util.Properties$LineReader.readLine()I @ 410
Event: 12.109 Thread 0x00000000029be800 Uncommon trap: reason=unstable_if action=reinterpret pc=0x0000000003267e30 method=sun.net.www.ParseUtil.encodePath(Ljava/lang/String;Z)Ljava/lang/String; @ 109
Event: 12.445 Thread 0x00000000029be800 Uncommon trap: reason=class_check action=maybe_recompile pc=0x0000000003429330 method=java.util.Properties$LineReader.readLine()I @ 410
Event: 12.481 Thread 0x00000000029be800 Uncommon trap: reason=unstable_if action=reinterpret pc=0x00000000032252c4 method=sun.nio.cs.UTF_8$Decoder.decodeArrayLoop(Ljava/nio/ByteBuffer;Ljava/nio/CharBuffer;)Ljava/nio/charset/CoderResult; @ 84

Internal exceptions (10 events):
Event: 0.108 Thread 0x00000000029be800 Exception <a 'java/lang/NoSuchMethodError': Method sun.misc.Unsafe.prefetchRead(Ljava/lang/Object;J)V name or signature does not match> (0x00000000eab07f60) thrown at [C:\src\android\AOSP-openjdk\external\jetbrains\jdk\hotspot\src\share\vm\prims\jni.cpp, l×‡€‰3éÕ?
Event: 0.342 Thread 0x00000000029be800 Exception <a 'java/security/PrivilegedActionException'> (0x00000000ead2ad60) thrown at [C:\src\android\AOSP-openjdk\external\jetbrains\jdk\hotspot\src\share\vm\prims\jvm.cpp, line 1390]
Event: 0.342 Thread 0x00000000029be800 Exception <a 'java/security/PrivilegedActionException'> (0x00000000ead2b158) thrown at [C:\src\android\AOSP-openjdk\external\jetbrains\jdk\hotspot\src\share\vm\prims\jvm.cpp, line 1390]
Event: 0.345 Thread 0x00000000029be800 Exception <a 'java/security/PrivilegedActionException'> (0x00000000ead2e520) thrown at [C:\src\android\AOSP-openjdk\external\jetbrains\jdk\hotspot\src\share\vm\prims\jvm.cpp, line 1390]
Event: 0.345 Thread 0x00000000029be800 Exception <a 'java/security/PrivilegedActionException'> (0x00000000ead2e918) thrown at [C:\src\android\AOSP-openjdk\external\jetbrains\jdk\hotspot\src\share\vm\prims\jvm.cpp, line 1390]
Event: 0.345 Thread 0x00000000029be800 Exception <a 'java/security/PrivilegedActionException'> (0x00000000ead2fe20) thrown at [C:\src\android\AOSP-openjdk\external\jetbrains\jdk\hotspot\src\share\vm\prims\jvm.cpp, line 1390]
Event: 0.345 Thread 0x00000000029be800 Exception <a 'java/security/PrivilegedActionException'> (0x00000000ead30218) thrown at [C:\src\android\AOSP-openjdk\external\jetbrains\jdk\hotspot\src\share\vm\prims\jvm.cpp, line 1390]
Event: 0.805 Thread 0x00000000029be800 Exception <a 'java/lang/ArrayIndexOutOfBoundsException': 18> (0x00000000eb579ee0) thrown at [C:\src\android\AOSP-openjdk\external\jetbrains\jdk\hotspot\src\share\vm\interpreter\interpreterRuntime.cpp, line 366]
Event: 0.805 Thread 0x00000000029be800 Exception <a 'java/lang/ArrayIndexOutOfBoundsException': 67> (0x00000000eb57ade8) thrown at [C:\src\android\AOSP-openjdk\external\jetbrains\jdk\hotspot\src\share\vm\interpreter\interpreterRuntime.cpp, line 366]
Event: 6.762 Thread 0x00000000029be800 Implicit null exception at 0x00000000032c32f0 to 0x00000000032c335d

Events (10 events):
Event: 12.496 loading class com/android/jack/eclipse/jdt/internal/compiler/ast/JavadocMessageSend
Event: 12.496 loading class com/android/jack/eclipse/jdt/internal/compiler/ast/JavadocMessageSend done
Event: 12.496 loading class com/android/jack/eclipse/jdt/internal/compiler/ast/JavadocAllocationExpression
Event: 12.496 loading class com/android/jack/eclipse/jdt/internal/compiler/ast/JavadocAllocationExpression done
Event: 12.500 loading class com/android/jack/eclipse/jdt/internal/compiler/flow/InitializationFlowContext
Event: 12.500 loading class com/android/jack/eclipse/jdt/internal/compiler/flow/InitializationFlowContext done
Event: 12.502 loading class com/android/jack/eclipse/jdt/internal/compiler/flow/ExceptionHandlingFlowContext
Event: 12.502 loading class com/android/jack/eclipse/jdt/internal/compiler/flow/ExceptionHandlingFlowContext done
Event: 12.509 loading class com/android/jack/eclipse/jdt/internal/compiler/lookup/MemberTypeBinding
Event: 12.509 loading class com/android/jack/eclipse/jdt/internal/compiler/lookup/MemberTypeBinding done


Dynamic libraries:
0x00007ff712e00000 - 0x00007ff712e31000 	H:\android studio\SDK\jre\bin\java.exe
0x00007ffa6bbf0000 - 0x00007ffa6bdc2000 	C:\WINDOWS\SYSTEM32\ntdll.dll
0x00007ffa69cd0000 - 0x00007ffa69d7c000 	C:\WINDOWS\System32\KERNEL32.DLL
0x00007ffa68f60000 - 0x00007ffa6917d000 	C:\WINDOWS\System32\KERNELBASE.dll
0x00007ffa6bb40000 - 0x00007ffa6bbe2000 	C:\WINDOWS\System32\ADVAPI32.dll
0x00007ffa694d0000 - 0x00007ffa6956e000 	C:\WINDOWS\System32\msvcrt.dll
0x00007ffa69570000 - 0x00007ffa695c9000 	C:\WINDOWS\System32\sechost.dll
0x00007ffa6a1c0000 - 0x00007ffa6a2e1000 	C:\WINDOWS\System32\RPCRT4.dll
0x00007ffa69ef0000 - 0x00007ffa6a055000 	C:\WINDOWS\System32\USER32.dll
0x00007ffa68980000 - 0x00007ffa6899e000 	C:\WINDOWS\System32\win32u.dll
0x00007ffa6a2f0000 - 0x00007ffa6a324000 	C:\WINDOWS\System32\GDI32.dll
0x00007ffa68d90000 - 0x00007ffa68f10000 	C:\WINDOWS\System32\gdi32full.dll
0x00007ffa5d100000 - 0x00007ffa5d37a000 	C:\WINDOWS\WinSxS\amd64_microsoft.windows.common-controls_6595b64144ccf1df_6.0.14393.953_none_42151e83c686086b\COMCTL32.dll
0x00007ffa69a00000 - 0x00007ffa69cc8000 	C:\WINDOWS\System32\combase.dll
0x00007ffa689a0000 - 0x00007ffa68a95000 	C:\WINDOWS\System32\ucrtbase.dll
0x00007ffa68d20000 - 0x00007ffa68d8a000 	C:\WINDOWS\System32\bcryptPrimitives.dll
0x00007ffa692e0000 - 0x00007ffa6930e000 	C:\WINDOWS\System32\IMM32.DLL
0x000000005bc50000 - 0x000000005bd22000 	H:\android studio\SDK\jre\jre\bin\msvcr100.dll
0x000000005be10000 - 0x000000005c64c000 	H:\android studio\SDK\jre\jre\bin\server\jvm.dll
0x00007ffa6b990000 - 0x00007ffa6b998000 	C:\WINDOWS\System32\PSAPI.DLL
0x00007ffa665c0000 - 0x00007ffa665e3000 	C:\WINDOWS\SYSTEM32\WINMM.dll
0x00007ffa659c0000 - 0x00007ffa659c9000 	C:\WINDOWS\SYSTEM32\WSOCK32.dll
0x00007ffa60750000 - 0x00007ffa6075a000 	C:\WINDOWS\SYSTEM32\VERSION.dll
0x00007ffa69d80000 - 0x00007ffa69dea000 	C:\WINDOWS\System32\WS2_32.dll
0x00000000028c0000 - 0x00000000028eb000 	C:\WINDOWS\SYSTEM32\WINMMBASE.dll
0x00007ffa68f10000 - 0x00007ffa68f52000 	C:\WINDOWS\System32\cfgmgr32.dll
0x00007ffa63310000 - 0x00007ffa6331f000 	H:\android studio\SDK\jre\jre\bin\verify.dll
0x00007ffa511c0000 - 0x00007ffa511e9000 	H:\android studio\SDK\jre\jre\bin\java.dll
0x00007ffa62e90000 - 0x00007ffa62ea6000 	H:\android studio\SDK\jre\jre\bin\zip.dll
0x00007ffa6a3a0000 - 0x00007ffa6b8a8000 	C:\WINDOWS\System32\SHELL32.dll
0x00007ffa681a0000 - 0x00007ffa68878000 	C:\WINDOWS\System32\windows.storage.dll
0x00007ffa68090000 - 0x00007ffa680dc000 	C:\WINDOWS\System32\powrprof.dll
0x00007ffa6a160000 - 0x00007ffa6a1b2000 	C:\WINDOWS\System32\shlwapi.dll
0x00007ffa680e0000 - 0x00007ffa680ef000 	C:\WINDOWS\System32\kernel.appcore.dll
0x00007ffa68aa0000 - 0x00007ffa68b49000 	C:\WINDOWS\System32\shcore.dll
0x00007ffa68060000 - 0x00007ffa68074000 	C:\WINDOWS\System32\profapi.dll
0x00007ffa4fed0000 - 0x00007ffa4fef4000 	H:\android studio\SDK\jre\jre\bin\sunec.dll
0x00007ffa5af90000 - 0x00007ffa5af9b000 	H:\android studio\SDK\jre\jre\bin\sunmscapi.dll
0x00007ffa68b50000 - 0x00007ffa68d19000 	C:\WINDOWS\System32\CRYPT32.dll
0x00007ffa68080000 - 0x00007ffa68090000 	C:\WINDOWS\System32\MSASN1.dll
0x00007ffa63230000 - 0x00007ffa6323d000 	H:\android studio\SDK\jre\jre\bin\management.dll
0x00007ffa60310000 - 0x00007ffa6032a000 	H:\android studio\SDK\jre\jre\bin\net.dll
0x00007ffa67930000 - 0x00007ffa6798c000 	C:\WINDOWS\system32\mswsock.dll
0x00007ffa5c4d0000 - 0x00007ffa5c4e1000 	H:\android studio\SDK\jre\jre\bin\nio.dll

VM Arguments:
jvm_args: -Djava.awt.headless=true -Xmx1024M -Dfile.encoding=UTF-8 -Duser.country=JP -Duser.language=ja -Duser.variant 
java_command: com.android.jack.Main -D jack.dex.optimize=true -D jack.reporter=sdk -D jack.dex.debug.vars=true --classpath H:\repository\oiden\oiden-android\app\build\intermediates\transforms\preJackRuntimeLibraries\debug\jars\8000\40\android-047c24aec6aa153d234595513404f19f2bd47c5d.jar;H:\repository\oiden\oiden-android\app\build\intermediates\transforms\preJackRuntimeLibraries\debug\jars\8000\40\org.apache.http.legacy-17f2a1c648b391b73f514301610da57a3ecf5d9b.jar --import H:\repository\oiden\oiden-android\app\build\intermediates\transforms\preJackPackagedLibraries\debug\jars\8000\1f\classes-043b8b5b8df3abac3c23df222819ae7b74c8847a.jar --import H:\repository\oiden\oiden-android\app\build\intermediates\transforms\preJackPackagedLibraries\debug\jars\8000\1f\classes-271ba29f3528384ac23e4746998a5f9e2116a112.jar --import H:\repository\oiden\oiden-android\app\build\intermediates\transforms\preJackPackagedLibraries\debug\jars\8000\1f\classes-3045bea88232e694fe52b99f0e6f9c61a37e7804.jar --import H:\repository\oiden\oiden-android\app\build\intermediates\transforms\preJackPackagedLibraries\debug\jars\8000\1f\classes-3cb20d6bc1f610fbea7bc2e0d6007c0cfea832da.jar --import H:\repository\oiden\oiden-android\app\build\intermediates\transforms\preJackPackagedLibraries\debug\jars\8000\1f\classes-3e79048fa0839b2922eeca7e55a9057c003254aa.jar --import H:\repository\oiden\oiden-android\app\build\intermediates\transforms\preJackPackagedLibraries\debug\jars\8000\1f\classes-4cee06aed7b6a411a2b151c73ec134f09860467b.jar --import H:\repository\oiden\oiden-android\app\build\intermediates\transforms\preJackPackagedLibraries\debug\jars\8000\1f\classes-5c13792d9a7b7c3bb96747b31c71badcf48cc109.jar --import H:\repository\oiden\oiden-android\app\build\intermediates\transforms\preJackPackagedLibraries\debug\jars\8000\1f\classes-71ec1f366beeb0ca2d4fbaaae57a9ad6c4773e92.jar --import H:\repository\oiden\oiden-android\app\build\intermediates\transforms\preJackPackagedLibraries\debug\jars\8000\1f\classes-
java_class_path (initial): C:\Users\takato\AppData\Local\Android\Sdk\build-tools\26.0.1\jack.jar
Launcher Type: SUN_STANDARD

Environment Variables:
PATH=C:\Program Files (x86)\Intel\iCLS Client\;C:\Program Files\Intel\iCLS Client\;C:\WINDOWS\system32;C:\WINDOWS;C:\WINDOWS\System32\Wbem;C:\WINDOWS\System32\WindowsPowerShell\v1.0\;C:\Program Files (x86)\Intel\Intel(R) Management Engine Components\DAL;C:\Program Files\Intel\Intel(R) Management Engine Components\DAL;C:\Program Files (x86)\Intel\Intel(R) Management Engine Components\IPT;C:\Program Files\Intel\Intel(R) Management Engine Components\IPT;C:\Program Files (x86)\GtkSharp\2.12\bin;C:\Program Files\Microsoft SQL Server\130\Tools\Binn\;C:\Program Files\Microsoft\Web Platform Installer\;C:\Program Files (x86)\Windows Kits\8.1\Windows Performance Toolkit\;H:\git\Git\cmd;C:\Microsoft VS Code\bin;C:\Users\takato\AppData\Local\Microsoft\WindowsApps;C:\Users\takato\AppData\Local\atom\bin
USERNAME=takato
OS=Windows_NT
PROCESSOR_IDENTIFIER=Intel64 Family 6 Model 78 Stepping 3, GenuineIntel



---------------  S Y S T E M  ---------------

OS: Windows 10.0 , 64 bit Build 14393 (10.0.14393.1198)

CPU:total 4 (2 cores per cpu, 2 threads per core) family 6 model 78 stepping 3, cmov, cx8, fxsr, mmx, sse, sse2, sse3, ssse3, sse4.1, sse4.2, popcnt, avx, avx2, aes, clmul, erms, 3dnowpref, lzcnt, ht, tsc, tscinvbit, bmi1, bmi2, adx

Memory: 4k page, physical 4124476k(20456k free), swap 9244344k(2636k free)

vm_info: OpenJDK 64-Bit Server VM (25.112-b06) for windows-amd64 JRE (1.8.0_112-release-b06), built on Dec  8 2016 00:54:26 by "builder" with MS VC++ 10.0 (VS2010)

time: Sun Oct 22 21:23:46 2017
elapsed time: 12 seconds (0d 0h 0m 12s)

